[2025-02-05 20:13:10] production.ERROR: events: []  
[2025-02-05 20:13:10] production.ERROR: faqs: - 四谷LOTUSの所在地はどこですか？: 〒160-0004 東京都新宿区四谷3-4-3 B1です。
- 四谷LOTUSへのアクセス方法を教えてください。: 東京メトロ丸ノ内線「四谷三丁目駅」から徒歩約3分、JR中央線・総武線「四ツ谷駅」から徒歩約10分です。
- ホールレンタルの予約や申し込み方法は？: オンライン予約は以下のURLから可能です。
https://reservation.yotsuyalotus.com
- ライブスケジュールはどこで確認できますか？: 公式サイトのスケジュールページでご確認いただけます。
https://yotsuyalotus.com/schedule
- ホールレンタルの申し込み方法を教えてください。: 公式サイトの出演・ホールレンタルページをご覧ください。
https://yotsuyalotus.com/rental
- 四谷LOTUSの系列店はありますか？: はい、秋葉原ZESTがあります。詳細は以下のURLをご覧ください。
https://akihabarazest.com
- スタッフ募集は行っていますか？: はい、正社員およびアルバイトスタッフを募集しています。
詳細は公式サイトのスタッフ募集ページをご覧ください。
https://yotsuyalotus.com/recruit
- 四谷LOTUSの連絡先を教えてください。: 電話番号は03-5315-4781
メールアドレスはinfo@yotsuyalotus.comです。
- 駐車場はありますか？: 専用の駐車場はございません。近隣のコインパーキングをご利用ください。
- 営業時間は何時から何時までですか？: イベントにより異なりますが、通常は14:00〜22:30頃までです。
- ホールレンタルの予約方法は？: オンライン予約が可能です。予約時にカレンダーで空き状況をご確認ください。オンライン予約の場合、その場で予約が確定します。電話・メール予約の場合、契約書の記入とレンタル料の半額（50%）を前金としてお支払いいただく必要があります。
- ホールレンタルの料金は？: 以下の通りです（税込）

月〜木
昼帯: ¥77,000 / 夜帯: ¥140,000 / 終日: ¥170,000
金
昼帯: ¥80,000 / 夜帯: ¥150,000 / 終日: ¥180,000
土日祝
昼帯: ¥88,000 / 夜帯: ¥210,000 / 終日: ¥250,000
延長料は30分ごとに¥10,000です。
- オールナイトのホールレンタルは可能ですか？: はい、可能です。料金は以下の通りです。

平日（月〜木）: 23:00 - 5:30 / ¥75,000
金土日祝前夜: 23:00 - 5:30 / ¥85,000
延長料金は30分ごとに¥10,000です。
Q: 有料機材やオプションはありますか？
A: 有料機材やオプションには、以下があります。

ワイヤレスマイク: ¥2,500/本
録画: ¥2,500/枚
DJ機材: ¥2,500/セット
飲み放題: 2時間/¥2,500（1人）、3時間/¥3,300（1人）
- キャンセル料は発生しますか？: はい、キャンセル規定は以下の通りです。

公演日2ヶ月前まではレンタル代金の50%
公演日2ヶ月未満はレンタル代金の100%
天災などで公演が困難な場合でも一部費用が発生します。
- バックステージパスの配布について教えてください。: バックステージパスは、運営スタッフ、事務所関係者、撮影スタッフ、物販サポートスタッフなどに配布します。それ以外の来場者には配布しません。公演中は受付スタッフにパスの提示をお願いいたします。
- 招待やゲストの入場についての規定はありますか？: 招待やゲストでの無料入場はお断りしています。ゲスト入場の場合、1ドリンク代（¥600）を頂戴します。主催者が人数分のドリンク代を負担することも可能です。
- 四谷LOTUSとはどのようなライブハウスですか？: 四谷LOTUSは、新宿区四谷に位置するライブハウスで、丸ノ内線「四谷三丁目駅」から徒歩1分の場所にあります。ホールのキャパシティはスタンディングで120人です。お客様がくつろげるよう、ホールスペースとバースペースが分かれています。
- 四谷LOTUSの特徴は何ですか？: 四谷LOTUSは、リーズナブルな価格設定で、多くのアーティストやイベンターに利用されています。機材費はキーボード等も含め、ワイヤレスマイク以外全て無料でご利用可能です。また、長時間の滞在でも快適に過ごせるよう、休憩用のバースペースや清潔な楽屋、専用トイレを完備しています。
- 再入場は可能ですか？: 基本的に再入場は可能ですが、公演によっては不可の場合もあります。また、入場者制限等がある場合、ホールに入れなくなる可能性があります。
- バースペースの利用について教えてください。: 長時間ホールにいて疲れた際には、ホール外のバースペースで休憩できます。バースペースでは、60インチのテレビでホール内のライブを楽しむことも可能です。
- 楽屋や専用トイレはありますか？: はい、楽屋は常に清潔を保っており、アーティスト専用のトイレも完備しています。女性メンバーの着替え等にもご利用いただけます。
- 四谷LOTUSの年間パスについて教えてください。: 年間パスはLOTUSが主催している公演のみチケット料金が無料になり、１Drink代600円のみで入場が可能です。
- ドラムの基本セット以外のレンタルは可能ですか？: チャイナシンバルを500円で貸し出ししております。
その他、カホンや、タンバリン・カウベル、ウィンドチャイム、スプラッシュ等、エフェクト音として使用する打楽器の貸し出しは行っておりません。
2タム/1フロア/1バスドラ・トップシンバル2枚・ライド1枚・ハイハット・スネア・ペダル、ドラムは基本セットのみレンタルとなります。
- エレキギター・ベース・アコースティックギター・キーボードに使用するシールド(ケーブル)はレンタル可能ですか？: 基本的に貸し出しは行っておりません。
持参はしたが公演中音が出なくなった場合、忘れてしまったなど、
理由に応じて貸し出しする場合はございます。
シールドまでが自らの楽器と思っていただけると幸いです。
- 音源出しの方法は？: ライブ音源（SEやBGMも含む）に関して原則CDに焼いてご持参ください。
データ及びUSBでの再生は対応しておりません。
CD以外でのスマホやタブレット、PCで再生をする場合、PA側では操作はせず、主催側で操作オペレーターの手配をお願いいたします。
また、ライトニングやTypeCの変換ケーブルが必要な場合は併せてご持参をお願いいたします。
- 喫煙スペースはありますか？: 会場内、ビル館内含めて全面禁煙となります。
また、店舗周辺での路上喫煙は区の条例で禁止されていますので、ご遠慮ください。
近隣の喫煙所をご利用ください。
- 入場ドリンク代はいくらですか？: 600円です。
- チケット代及びドリンク代の支払い方法を教えてください: 現金のみとなっております
追加のドリンク購入時のみ現金もしくはPayPayでのQR決済が可能です。
- 飲食物の持込は可能ですか？: ステージドリンクや運営・出演者の食事や打ち上げ時のケータリングはOKですが、
原則アルコールやフードの持ち込みはご遠慮いただいております。
- 店内でWi-Fiは利用できますか？: 出演者用、演者スタッフ用のWi-Fiはございますが、一般のお客様向けのWi-Fiは現在ございません。
- 映像を流すことは出来ますか？: プロジェクターの使用は可能です。スクリーンはステージ前にございます。
片道約50秒ほど動作時間がかかります。
また、映像の出力方法に関してはHDMIケーブルをお渡しますので、持込のPCなどご用意いただき操作も主催側でお願いいたします。DVDやデータ再生は行っておりませんので、予めご了承ください。
1時間以上連続で投影するとプロジェクターの故障や電源が落ちてしまう場合がございます。
- 1列最大何名入場できますか？: スタンディングで約12名、座りだと約7〜8席になります。
- 配信はできますか？: ホールレンタル代とは別途で有料ではございますが、配信設備はございます。
4カメまでスイッチング対応しております。
配信のチケット代は主催側で設定を行ってください。
LOTUS元で販売する場合はツイキャスプレミアが販売可能です。
その際、振込手数料500円を引いたチケット売上分をご返金させていただきます。
- ドリンクをホール内に持ち込んでも大丈夫ですか？: ホール内へのドリンク持ち込みは可能ですが、こぼさないようご注意ください。
- 店内での写真や動画撮影は可能ですか？: 店舗の撮影は可能ですが、アーティストの撮影については、各アーティストや主催者に直接ご確認ください。
- 開場前の整列は何時から可能ですか？: 開場時間の10分前から整列を開始します。それまでは近隣のご迷惑となりますので、店舗前やビルの1Fエントランス周辺での待機はご遠慮ください。
- 荷物を預けることはできますか？: 手荷物や上着類の大きさであれば、受付にて45ℓ袋を1枚500円で販売しております。ただし、数に限りがありますので、確実に預けたい場合は駅や近隣のコインロッカーをご利用ください。袋に入らないキャリーケースや大きな荷物はそのままお預かりする場合がございます。
- エレベーターはございますか？: エレベーターはございますが、原則的には解放しておりません。
ですが、機材・備品搬入、搬出時間のみ使用可能です。また入退場時、階段を使うのが困難な車いす使用者や、様々な障害で歩行が困難な人などがいらっしゃる場合も解放いたしますので、ご希望の際は会場スタッフへお声かけください。  
[2025-02-05 20:13:10] production.ERROR: $userId: 6  
