No changes to commit.
[main 8a0a03a6] Auto commit: 2025-02-06 21:00:02
 Committer: Ubuntu <ubuntu@ip-172-26-13-33.us-west-2.compute.internal>
Your name and email address were configured automatically based
on your username and hostname. Please check that they are accurate.
You can suppress this message by setting them explicitly:

    git config --global user.name "Your Name"
    git config --global user.email you@example.com

After doing this, you may fix the identity used for this commit with:

    git commit --amend --reset-author

 16 files changed, 12 insertions(+), 1454 deletions(-)
 create mode 100644 git-auto-push.log
 create mode 100755 git-auto-push.sh
 delete mode 100644 storage/framework/cache/data/1e/bf/1ebf03fc55f03edf81b09123b656afeec14c3153
 delete mode 100644 storage/framework/cache/data/5b/7e/5b7ee6bb9da58a2b33e9e83ffdd0ccad5b446fde
 delete mode 100644 storage/framework/cache/data/cb/a1/cba17b35c4c1b6597202535b3edcc516849e7e80
 delete mode 100644 storage/framework/cache/data/fb/81/fb81dbb90cbae8eabc813ef57e30e5117dbb82e3
 delete mode 100644 storage/framework/views/25ca0ad0bdc844186036f3daebe0067d.php
 delete mode 100644 storage/framework/views/5d33e5248d667eb278294f9dae53b460.php
 delete mode 100644 storage/framework/views/60b76f081584c70ad2d7e4fd1f167138.php
 delete mode 100644 storage/framework/views/693a3e311f82f68c27c2333bec88ccad.php
 delete mode 100644 storage/framework/views/7443fbfef9a3ceccf8e1f19471846510.php
 delete mode 100644 storage/framework/views/92cad3ffbc1b82b4bfccae14cf079183.php
 delete mode 100644 storage/framework/views/9a05d93381294e3872f1c159cc4ac4a5.php
 delete mode 100644 storage/framework/views/bc124b473c4b761624b502812883ddc1.php
 delete mode 100644 storage/framework/views/c79b03b44b206c900eabdbea4cd7a6ca.php
 delete mode 100644 storage/framework/views/f34c574f9db383bbf026ac6e9cbafb63.php
To github.com:gitazumi/liveaijp.git
   82321727..8a0a03a6  main -> main
[main f3c2890c] Auto commit: 2025-02-06 21:30:02
 Committer: Ubuntu <ubuntu@ip-172-26-13-33.us-west-2.compute.internal>
Your name and email address were configured automatically based
on your username and hostname. Please check that they are accurate.
You can suppress this message by setting them explicitly:

    git config --global user.name "Your Name"
    git config --global user.email you@example.com

After doing this, you may fix the identity used for this commit with:

    git commit --amend --reset-author

 2 files changed, 390 insertions(+)
To github.com:gitazumi/liveaijp.git
   8a0a03a6..f3c2890c  main -> main
[main f03804f9] Auto commit: 2025-02-06 22:00:02
 Committer: Ubuntu <ubuntu@ip-172-26-13-33.us-west-2.compute.internal>
Your name and email address were configured automatically based
on your username and hostname. Please check that they are accurate.
You can suppress this message by setting them explicitly:

    git config --global user.name "Your Name"
    git config --global user.email you@example.com

After doing this, you may fix the identity used for this commit with:

    git commit --amend --reset-author

 1 file changed, 16 insertions(+)
To github.com:gitazumi/liveaijp.git
   f3c2890c..f03804f9  main -> main
[main caad2d39] Auto commit: 2025-02-06 22:30:03
 Committer: Ubuntu <ubuntu@ip-172-26-13-33.us-west-2.compute.internal>
Your name and email address were configured automatically based
on your username and hostname. Please check that they are accurate.
You can suppress this message by setting them explicitly:

    git config --global user.name "Your Name"
    git config --global user.email you@example.com

After doing this, you may fix the identity used for this commit with:

    git commit --amend --reset-author

 1 file changed, 16 insertions(+)
To github.com:gitazumi/liveaijp.git
   f03804f9..caad2d39  main -> main
[main 528aaee4] Auto commit: 2025-02-06 23:00:01
 Committer: Ubuntu <ubuntu@ip-172-26-13-33.us-west-2.compute.internal>
Your name and email address were configured automatically based
on your username and hostname. Please check that they are accurate.
You can suppress this message by setting them explicitly:

    git config --global user.name "Your Name"
    git config --global user.email you@example.com

After doing this, you may fix the identity used for this commit with:

    git commit --amend --reset-author

 1 file changed, 16 insertions(+)
To github.com:gitazumi/liveaijp.git
   caad2d39..528aaee4  main -> main
[main bce503d1] Auto commit: 2025-02-06 23:30:01
 Committer: Ubuntu <ubuntu@ip-172-26-13-33.us-west-2.compute.internal>
Your name and email address were configured automatically based
on your username and hostname. Please check that they are accurate.
You can suppress this message by setting them explicitly:

    git config --global user.name "Your Name"
    git config --global user.email you@example.com

After doing this, you may fix the identity used for this commit with:

    git commit --amend --reset-author

 1 file changed, 16 insertions(+)
To github.com:gitazumi/liveaijp.git
   528aaee4..bce503d1  main -> main
[main d4b4f6f1] Auto commit: 2025-02-07 00:00:01
 Committer: Ubuntu <ubuntu@ip-172-26-13-33.us-west-2.compute.internal>
Your name and email address were configured automatically based
on your username and hostname. Please check that they are accurate.
You can suppress this message by setting them explicitly:

    git config --global user.name "Your Name"
    git config --global user.email you@example.com

After doing this, you may fix the identity used for this commit with:

    git commit --amend --reset-author

 1 file changed, 16 insertions(+)
To github.com:gitazumi/liveaijp.git
   bce503d1..d4b4f6f1  main -> main
[main 4ed4e145] Auto commit: 2025-02-07 00:30:02
 Committer: Ubuntu <ubuntu@ip-172-26-13-33.us-west-2.compute.internal>
Your name and email address were configured automatically based
on your username and hostname. Please check that they are accurate.
You can suppress this message by setting them explicitly:

    git config --global user.name "Your Name"
    git config --global user.email you@example.com

After doing this, you may fix the identity used for this commit with:

    git commit --amend --reset-author

 1 file changed, 16 insertions(+)
To github.com:gitazumi/liveaijp.git
   d4b4f6f1..4ed4e145  main -> main
[main 22e47162] Auto commit: 2025-02-07 01:00:01
 Committer: Ubuntu <ubuntu@ip-172-26-13-33.us-west-2.compute.internal>
Your name and email address were configured automatically based
on your username and hostname. Please check that they are accurate.
You can suppress this message by setting them explicitly:

    git config --global user.name "Your Name"
    git config --global user.email you@example.com

After doing this, you may fix the identity used for this commit with:

    git commit --amend --reset-author

 1 file changed, 16 insertions(+)
To github.com:gitazumi/liveaijp.git
   4ed4e145..22e47162  main -> main
[main 57f8de9d] Auto commit: 2025-02-07 01:30:02
 Committer: Ubuntu <ubuntu@ip-172-26-13-33.us-west-2.compute.internal>
Your name and email address were configured automatically based
on your username and hostname. Please check that they are accurate.
You can suppress this message by setting them explicitly:

    git config --global user.name "Your Name"
    git config --global user.email you@example.com

After doing this, you may fix the identity used for this commit with:

    git commit --amend --reset-author

 1 file changed, 16 insertions(+)
To github.com:gitazumi/liveaijp.git
   22e47162..57f8de9d  main -> main
[main 26362e6b] Auto commit: 2025-02-07 02:00:02
 Committer: Ubuntu <ubuntu@ip-172-26-13-33.us-west-2.compute.internal>
Your name and email address were configured automatically based
on your username and hostname. Please check that they are accurate.
You can suppress this message by setting them explicitly:

    git config --global user.name "Your Name"
    git config --global user.email you@example.com

After doing this, you may fix the identity used for this commit with:

    git commit --amend --reset-author

 1 file changed, 16 insertions(+)
To github.com:gitazumi/liveaijp.git
   57f8de9d..26362e6b  main -> main
[main 17e29fa2] Auto commit: 2025-02-07 02:30:02
 Committer: Ubuntu <ubuntu@ip-172-26-13-33.us-west-2.compute.internal>
Your name and email address were configured automatically based
on your username and hostname. Please check that they are accurate.
You can suppress this message by setting them explicitly:

    git config --global user.name "Your Name"
    git config --global user.email you@example.com

After doing this, you may fix the identity used for this commit with:

    git commit --amend --reset-author

 1 file changed, 16 insertions(+)
To github.com:gitazumi/liveaijp.git
   26362e6b..17e29fa2  main -> main
[main 27440940] Auto commit: 2025-02-07 03:00:01
 Committer: Ubuntu <ubuntu@ip-172-26-13-33.us-west-2.compute.internal>
Your name and email address were configured automatically based
on your username and hostname. Please check that they are accurate.
You can suppress this message by setting them explicitly:

    git config --global user.name "Your Name"
    git config --global user.email you@example.com

After doing this, you may fix the identity used for this commit with:

    git commit --amend --reset-author

 1 file changed, 16 insertions(+)
To github.com:gitazumi/liveaijp.git
   17e29fa2..27440940  main -> main
[main 511e847d] Auto commit: 2025-02-07 03:30:02
 Committer: Ubuntu <ubuntu@ip-172-26-13-33.us-west-2.compute.internal>
Your name and email address were configured automatically based
on your username and hostname. Please check that they are accurate.
You can suppress this message by setting them explicitly:

    git config --global user.name "Your Name"
    git config --global user.email you@example.com

After doing this, you may fix the identity used for this commit with:

    git commit --amend --reset-author

 1 file changed, 16 insertions(+)
To github.com:gitazumi/liveaijp.git
   27440940..511e847d  main -> main
[main 68852f30] Auto commit: 2025-02-07 04:00:01
 Committer: Ubuntu <ubuntu@ip-172-26-13-33.us-west-2.compute.internal>
Your name and email address were configured automatically based
on your username and hostname. Please check that they are accurate.
You can suppress this message by setting them explicitly:

    git config --global user.name "Your Name"
    git config --global user.email you@example.com

After doing this, you may fix the identity used for this commit with:

    git commit --amend --reset-author

 1 file changed, 16 insertions(+)
To github.com:gitazumi/liveaijp.git
   511e847d..68852f30  main -> main
[main a3fa42f3] Auto commit: 2025-02-07 04:30:02
 Committer: Ubuntu <ubuntu@ip-172-26-13-33.us-west-2.compute.internal>
Your name and email address were configured automatically based
on your username and hostname. Please check that they are accurate.
You can suppress this message by setting them explicitly:

    git config --global user.name "Your Name"
    git config --global user.email you@example.com

After doing this, you may fix the identity used for this commit with:

    git commit --amend --reset-author

 1 file changed, 16 insertions(+)
To github.com:gitazumi/liveaijp.git
   68852f30..a3fa42f3  main -> main
[main 514c1b1e] Auto commit: 2025-02-07 05:00:02
 Committer: Ubuntu <ubuntu@ip-172-26-13-33.us-west-2.compute.internal>
Your name and email address were configured automatically based
on your username and hostname. Please check that they are accurate.
You can suppress this message by setting them explicitly:

    git config --global user.name "Your Name"
    git config --global user.email you@example.com

After doing this, you may fix the identity used for this commit with:

    git commit --amend --reset-author

 1 file changed, 16 insertions(+)
To github.com:gitazumi/liveaijp.git
   a3fa42f3..514c1b1e  main -> main
[main 4f3a7bb4] Auto commit: 2025-02-07 05:30:02
 Committer: Ubuntu <ubuntu@ip-172-26-13-33.us-west-2.compute.internal>
Your name and email address were configured automatically based
on your username and hostname. Please check that they are accurate.
You can suppress this message by setting them explicitly:

    git config --global user.name "Your Name"
    git config --global user.email you@example.com

After doing this, you may fix the identity used for this commit with:

    git commit --amend --reset-author

 1 file changed, 16 insertions(+)
To github.com:gitazumi/liveaijp.git
   514c1b1e..4f3a7bb4  main -> main
[main eda09dd4] Auto commit: 2025-02-07 06:00:02
 Committer: Ubuntu <ubuntu@ip-172-26-13-33.us-west-2.compute.internal>
Your name and email address were configured automatically based
on your username and hostname. Please check that they are accurate.
You can suppress this message by setting them explicitly:

    git config --global user.name "Your Name"
    git config --global user.email you@example.com

After doing this, you may fix the identity used for this commit with:

    git commit --amend --reset-author

 1 file changed, 16 insertions(+)
To github.com:gitazumi/liveaijp.git
   4f3a7bb4..eda09dd4  main -> main
[main d366746e] Auto commit: 2025-02-07 06:30:02
 Committer: Ubuntu <ubuntu@ip-172-26-13-33.us-west-2.compute.internal>
Your name and email address were configured automatically based
on your username and hostname. Please check that they are accurate.
You can suppress this message by setting them explicitly:

    git config --global user.name "Your Name"
    git config --global user.email you@example.com

After doing this, you may fix the identity used for this commit with:

    git commit --amend --reset-author

 1 file changed, 16 insertions(+)
To github.com:gitazumi/liveaijp.git
   eda09dd4..d366746e  main -> main
[main 13444bbd] Auto commit: 2025-02-07 07:00:01
 Committer: Ubuntu <ubuntu@ip-172-26-13-33.us-west-2.compute.internal>
Your name and email address were configured automatically based
on your username and hostname. Please check that they are accurate.
You can suppress this message by setting them explicitly:

    git config --global user.name "Your Name"
    git config --global user.email you@example.com

After doing this, you may fix the identity used for this commit with:

    git commit --amend --reset-author

 1 file changed, 16 insertions(+)
To github.com:gitazumi/liveaijp.git
   d366746e..13444bbd  main -> main
[main a9ba2f52] Auto commit: 2025-02-07 07:30:02
 Committer: Ubuntu <ubuntu@ip-172-26-13-33.us-west-2.compute.internal>
Your name and email address were configured automatically based
on your username and hostname. Please check that they are accurate.
You can suppress this message by setting them explicitly:

    git config --global user.name "Your Name"
    git config --global user.email you@example.com

After doing this, you may fix the identity used for this commit with:

    git commit --amend --reset-author

 1 file changed, 16 insertions(+)
To github.com:gitazumi/liveaijp.git
   13444bbd..a9ba2f52  main -> main
[main 86c0bab8] Auto commit: 2025-02-07 08:00:01
 Committer: Ubuntu <ubuntu@ip-172-26-13-33.us-west-2.compute.internal>
Your name and email address were configured automatically based
on your username and hostname. Please check that they are accurate.
You can suppress this message by setting them explicitly:

    git config --global user.name "Your Name"
    git config --global user.email you@example.com

After doing this, you may fix the identity used for this commit with:

    git commit --amend --reset-author

 1 file changed, 16 insertions(+)
To github.com:gitazumi/liveaijp.git
   a9ba2f52..86c0bab8  main -> main
